epoch1##########################################################
Train : loss:6.71e-02  =  6.70e-02 + alpha*1.38e-03
Valid : loss:1.28e-02  =  1.27e-02 + alpha*1.03e-03
Test: loss:6.32e-02  =  6.31e-02 + alpha*1.46e-03
Valid performance:
 mse:1.28e-02, IC:2.72e-02, RIC:2.22e-01, prec@10:5.18e-01, SR:2.07e+00
Test performance:
 mse:6.33e-02, IC:7.99e-03, RIC:1.09e-01, prec@10:5.05e-01, SR:7.96e-01
epoch2##########################################################
Train : loss:3.49e-03  =  3.44e-03 + alpha*4.77e-04
Valid : loss:3.68e-03  =  3.62e-03 + alpha*5.28e-04
Test: loss:6.14e-03  =  6.08e-03 + alpha*5.44e-04
Valid performance:
 mse:3.65e-03, IC:2.62e-02, RIC:2.64e-01, prec@10:5.32e-01, SR:2.19e+00
Test performance:
 mse:6.10e-03, IC:1.57e-02, RIC:2.04e-01, prec@10:5.08e-01, SR:4.49e-01
epoch3##########################################################
Train : loss:2.38e-03  =  2.34e-03 + alpha*3.83e-04
Valid : loss:3.34e-03  =  3.29e-03 + alpha*4.88e-04
Test: loss:5.08e-03  =  5.03e-03 + alpha*4.97e-04
Valid performance:
 mse:3.32e-03, IC:2.73e-02, RIC:2.71e-01, prec@10:5.39e-01, SR:2.36e+00
Test performance:
 mse:5.05e-03, IC:1.94e-02, RIC:2.45e-01, prec@10:5.10e-01, SR:7.23e-01
epoch4##########################################################
Train : loss:2.11e-03  =  2.07e-03 + alpha*3.45e-04
Valid : loss:2.85e-03  =  2.80e-03 + alpha*4.36e-04
Test: loss:3.64e-03  =  3.60e-03 + alpha*4.36e-04
Valid performance:
 mse:2.83e-03, IC:3.19e-02, RIC:3.18e-01, prec@10:5.35e-01, SR:2.96e+00
Test performance:
 mse:3.61e-03, IC:2.26e-02, RIC:2.87e-01, prec@10:5.03e-01, SR:6.75e-01
epoch5##########################################################
Train : loss:1.74e-03  =  1.71e-03 + alpha*3.11e-04
Valid : loss:2.18e-03  =  2.14e-03 + alpha*3.70e-04
Test: loss:2.54e-03  =  2.50e-03 + alpha*3.49e-04
Valid performance:
 mse:2.16e-03, IC:2.94e-02, RIC:3.06e-01, prec@10:5.31e-01, SR:2.85e+00
Test performance:
 mse:2.51e-03, IC:2.70e-02, RIC:3.54e-01, prec@10:5.25e-01, SR:1.64e+00
epoch6##########################################################
Train : loss:1.83e-03  =  1.80e-03 + alpha*3.07e-04
Valid : loss:1.98e-03  =  1.95e-03 + alpha*3.21e-04
Test: loss:2.35e-03  =  2.32e-03 + alpha*2.97e-04
Valid performance:
 mse:1.97e-03, IC:2.64e-02, RIC:2.94e-01, prec@10:5.40e-01, SR:2.76e+00
Test performance:
 mse:2.33e-03, IC:2.43e-02, RIC:3.33e-01, prec@10:5.26e-01, SR:7.99e-01
epoch7##########################################################
Train : loss:1.51e-03  =  1.49e-03 + alpha*2.68e-04
Valid : loss:1.65e-03  =  1.62e-03 + alpha*3.03e-04
Test: loss:2.12e-03  =  2.09e-03 + alpha*2.96e-04
Valid performance:
 mse:1.64e-03, IC:3.30e-02, RIC:3.59e-01, prec@10:5.37e-01, SR:3.04e+00
Test performance:
 mse:2.10e-03, IC:2.39e-02, RIC:3.14e-01, prec@10:5.12e-01, SR:5.14e-01
epoch8##########################################################
Train : loss:1.31e-03  =  1.28e-03 + alpha*2.42e-04
Valid : loss:2.15e-03  =  2.11e-03 + alpha*3.72e-04
Test: loss:2.22e-03  =  2.18e-03 + alpha*3.48e-04
Valid performance:
 mse:2.13e-03, IC:2.74e-02, RIC:2.94e-01, prec@10:5.34e-01, SR:1.61e+00
Test performance:
 mse:2.19e-03, IC:2.46e-02, RIC:3.08e-01, prec@10:5.14e-01, SR:6.13e-01
epoch9##########################################################
Train : loss:1.52e-03  =  1.49e-03 + alpha*2.56e-04
Valid : loss:1.35e-03  =  1.32e-03 + alpha*2.67e-04
Test: loss:1.46e-03  =  1.43e-03 + alpha*2.48e-04
Valid performance:
 mse:1.33e-03, IC:3.50e-02, RIC:3.55e-01, prec@10:5.29e-01, SR:1.94e+00
Test performance:
 mse:1.44e-03, IC:2.32e-02, RIC:2.90e-01, prec@10:5.05e-01, SR:3.02e-01
epoch10##########################################################
Train : loss:1.18e-03  =  1.16e-03 + alpha*2.19e-04
Valid : loss:1.27e-03  =  1.24e-03 + alpha*2.54e-04
Test: loss:1.40e-03  =  1.37e-03 + alpha*2.34e-04
Valid performance:
 mse:1.25e-03, IC:3.02e-02, RIC:3.08e-01, prec@10:5.35e-01, SR:2.32e+00
Test performance:
 mse:1.38e-03, IC:2.08e-02, RIC:2.58e-01, prec@10:4.96e-01, SR:-5.50e-01
epoch11##########################################################
Train : loss:1.13e-03  =  1.11e-03 + alpha*2.06e-04
Valid : loss:1.49e-03  =  1.46e-03 + alpha*2.59e-04
Test: loss:1.45e-03  =  1.42e-03 + alpha*2.55e-04
Valid performance:
 mse:1.47e-03, IC:3.77e-02, RIC:3.79e-01, prec@10:5.26e-01, SR:3.32e+00
Test performance:
 mse:1.42e-03, IC:2.10e-02, RIC:2.46e-01, prec@10:5.05e-01, SR:3.45e-01
epoch12##########################################################
Train : loss:1.25e-03  =  1.23e-03 + alpha*2.10e-04
Valid : loss:1.10e-03  =  1.08e-03 + alpha*2.17e-04
Test: loss:1.18e-03  =  1.16e-03 + alpha*2.04e-04
Valid performance:
 mse:1.09e-03, IC:3.38e-02, RIC:3.38e-01, prec@10:5.31e-01, SR:3.19e+00
Test performance:
 mse:1.16e-03, IC:2.68e-02, RIC:3.29e-01, prec@10:5.24e-01, SR:1.17e+00
epoch13##########################################################
Train : loss:1.13e-03  =  1.11e-03 + alpha*1.91e-04
Valid : loss:1.04e-03  =  1.02e-03 + alpha*2.11e-04
Test: loss:1.05e-03  =  1.03e-03 + alpha*2.04e-04
Valid performance:
 mse:1.03e-03, IC:3.61e-02, RIC:3.50e-01, prec@10:5.23e-01, SR:3.07e+00
Test performance:
 mse:1.03e-03, IC:2.89e-02, RIC:3.53e-01, prec@10:5.12e-01, SR:8.80e-01
epoch14##########################################################
Train : loss:1.00e-03  =  9.87e-04 + alpha*1.79e-04
Valid : loss:1.48e-03  =  1.46e-03 + alpha*2.46e-04
Test: loss:2.48e-03  =  2.45e-03 + alpha*2.91e-04
Valid performance:
 mse:1.47e-03, IC:1.59e-02, RIC:1.64e-01, prec@10:5.37e-01, SR:2.63e+00
Test performance:
 mse:2.46e-03, IC:1.89e-02, RIC:2.52e-01, prec@10:5.17e-01, SR:1.94e+00
epoch15##########################################################
Train : loss:9.58e-04  =  9.41e-04 + alpha*1.68e-04
Valid : loss:1.13e-03  =  1.11e-03 + alpha*1.94e-04
Test: loss:1.19e-03  =  1.17e-03 + alpha*1.69e-04
Valid performance:
 mse:1.12e-03, IC:2.78e-02, RIC:2.71e-01, prec@10:5.37e-01, SR:2.64e+00
Test performance:
 mse:1.18e-03, IC:2.67e-02, RIC:3.32e-01, prec@10:5.24e-01, SR:1.15e+00
epoch16##########################################################
Train : loss:9.39e-04  =  9.22e-04 + alpha*1.63e-04
Valid : loss:1.38e-03  =  1.36e-03 + alpha*1.96e-04
Test: loss:1.46e-03  =  1.45e-03 + alpha*1.66e-04
Valid performance:
 mse:1.37e-03, IC:3.16e-02, RIC:3.07e-01, prec@10:5.28e-01, SR:3.05e+00
Test performance:
 mse:1.45e-03, IC:2.80e-02, RIC:3.54e-01, prec@10:5.15e-01, SR:2.86e-01
epoch17##########################################################
Train : loss:8.96e-04  =  8.81e-04 + alpha*1.55e-04
Valid : loss:8.85e-04  =  8.67e-04 + alpha*1.77e-04
Test: loss:8.20e-04  =  8.03e-04 + alpha*1.68e-04
Valid performance:
 mse:8.74e-04, IC:4.18e-02, RIC:3.91e-01, prec@10:5.39e-01, SR:3.33e+00
Test performance:
 mse:8.05e-04, IC:3.04e-02, RIC:3.56e-01, prec@10:5.11e-01, SR:-5.77e-01
epoch18##########################################################
Train : loss:8.23e-04  =  8.09e-04 + alpha*1.44e-04
Valid : loss:1.25e-03  =  1.23e-03 + alpha*1.92e-04
Test: loss:1.01e-03  =  9.94e-04 + alpha*1.90e-04
Valid performance:
 mse:1.24e-03, IC:4.39e-02, RIC:4.10e-01, prec@10:5.29e-01, SR:3.51e+00
Test performance:
 mse:9.97e-04, IC:2.95e-02, RIC:3.42e-01, prec@10:5.18e-01, SR:9.01e-02
epoch19##########################################################
Train : loss:7.71e-04  =  7.57e-04 + alpha*1.38e-04
Valid : loss:8.23e-04  =  8.06e-04 + alpha*1.69e-04
Test: loss:7.86e-04  =  7.71e-04 + alpha*1.50e-04
Valid performance:
 mse:8.13e-04, IC:3.00e-02, RIC:2.74e-01, prec@10:5.29e-01, SR:2.45e+00
Test performance:
 mse:7.74e-04, IC:3.40e-02, RIC:4.15e-01, prec@10:5.21e-01, SR:1.40e+00
epoch20##########################################################
Train : loss:7.94e-04  =  7.80e-04 + alpha*1.36e-04
Valid : loss:8.49e-04  =  8.31e-04 + alpha*1.76e-04
Test: loss:2.13e-03  =  2.10e-03 + alpha*2.94e-04
Valid performance:
 mse:8.38e-04, IC:3.50e-02, RIC:3.06e-01, prec@10:5.21e-01, SR:2.88e+00
Test performance:
 mse:2.10e-03, IC:1.76e-02, RIC:1.94e-01, prec@10:5.19e-01, SR:5.54e-01
epoch21##########################################################
Train : loss:8.25e-04  =  8.11e-04 + alpha*1.36e-04
Valid : loss:9.97e-04  =  9.79e-04 + alpha*1.78e-04
Test: loss:9.17e-04  =  9.01e-04 + alpha*1.59e-04
Valid performance:
 mse:9.87e-04, IC:1.70e-02, RIC:1.54e-01, prec@10:5.36e-01, SR:1.90e+00
Test performance:
 mse:9.04e-04, IC:3.33e-02, RIC:4.06e-01, prec@10:5.29e-01, SR:7.46e-01
epoch22##########################################################
Train : loss:7.39e-04  =  7.26e-04 + alpha*1.26e-04
Valid : loss:8.83e-04  =  8.66e-04 + alpha*1.66e-04
Test: loss:1.08e-03  =  1.06e-03 + alpha*2.05e-04
Valid performance:
 mse:8.73e-04, IC:3.62e-02, RIC:3.36e-01, prec@10:5.19e-01, SR:2.94e+00
Test performance:
 mse:1.06e-03, IC:2.55e-02, RIC:2.65e-01, prec@10:5.04e-01, SR:-3.69e-01
epoch23##########################################################
Train : loss:7.04e-04  =  6.92e-04 + alpha*1.19e-04
Valid : loss:9.64e-04  =  9.48e-04 + alpha*1.60e-04
Test: loss:9.58e-04  =  9.44e-04 + alpha*1.49e-04
Valid performance:
 mse:9.56e-04, IC:2.57e-02, RIC:2.36e-01, prec@10:5.32e-01, SR:2.59e+00
Test performance:
 mse:9.47e-04, IC:2.79e-02, RIC:2.95e-01, prec@10:5.06e-01, SR:1.11e+00
epoch24##########################################################
Train : loss:6.29e-04  =  6.17e-04 + alpha*1.13e-04
Valid : loss:8.73e-04  =  8.58e-04 + alpha*1.53e-04
Test: loss:8.15e-04  =  7.99e-04 + alpha*1.60e-04
Valid performance:
 mse:8.65e-04, IC:3.69e-02, RIC:3.27e-01, prec@10:5.30e-01, SR:3.41e+00
Test performance:
 mse:8.01e-04, IC:2.78e-02, RIC:2.94e-01, prec@10:5.10e-01, SR:8.03e-01
epoch25##########################################################
Train : loss:8.87e-04  =  8.74e-04 + alpha*1.28e-04
Valid : loss:8.60e-04  =  8.45e-04 + alpha*1.45e-04
Test: loss:1.61e-03  =  1.60e-03 + alpha*1.84e-04
Valid performance:
 mse:8.52e-04, IC:2.63e-02, RIC:2.60e-01, prec@10:5.46e-01, SR:3.37e+00
Test performance:
 mse:1.60e-03, IC:2.00e-02, RIC:2.27e-01, prec@10:5.17e-01, SR:8.02e-01
epoch26##########################################################
Train : loss:6.43e-04  =  6.32e-04 + alpha*1.09e-04
Valid : loss:1.10e-03  =  1.08e-03 + alpha*1.48e-04
Test: loss:2.06e-03  =  2.04e-03 + alpha*2.04e-04
Valid performance:
 mse:1.09e-03, IC:3.10e-02, RIC:2.58e-01, prec@10:5.43e-01, SR:3.44e+00
Test performance:
 mse:2.05e-03, IC:2.27e-02, RIC:2.53e-01, prec@10:5.31e-01, SR:1.79e+00
epoch27##########################################################
Train : loss:6.56e-04  =  6.46e-04 + alpha*1.07e-04
Valid : loss:7.39e-04  =  7.25e-04 + alpha*1.41e-04
Test: loss:1.05e-03  =  1.03e-03 + alpha*1.52e-04
Valid performance:
 mse:7.31e-04, IC:4.00e-02, RIC:3.39e-01, prec@10:5.49e-01, SR:3.48e+00
Test performance:
 mse:1.04e-03, IC:2.40e-02, RIC:2.72e-01, prec@10:5.26e-01, SR:1.80e+00
epoch28##########################################################
Train : loss:6.69e-04  =  6.58e-04 + alpha*1.07e-04
Valid : loss:7.15e-04  =  7.02e-04 + alpha*1.38e-04
Test: loss:6.60e-04  =  6.46e-04 + alpha*1.35e-04
Valid performance:
 mse:7.07e-04, IC:3.17e-02, RIC:2.90e-01, prec@10:5.38e-01, SR:2.69e+00
Test performance:
 mse:6.48e-04, IC:2.56e-02, RIC:2.79e-01, prec@10:5.24e-01, SR:1.07e+00
epoch29##########################################################
Train : loss:6.18e-04  =  6.08e-04 + alpha*9.96e-05
Valid : loss:6.75e-04  =  6.62e-04 + alpha*1.25e-04
Test: loss:6.42e-04  =  6.30e-04 + alpha*1.28e-04
Valid performance:
 mse:6.67e-04, IC:3.54e-02, RIC:3.19e-01, prec@10:5.41e-01, SR:3.38e+00
Test performance:
 mse:6.32e-04, IC:2.79e-02, RIC:2.92e-01, prec@10:5.13e-01, SR:3.68e-01
epoch30##########################################################
Train : loss:5.97e-04  =  5.87e-04 + alpha*9.53e-05
Valid : loss:7.24e-04  =  7.10e-04 + alpha*1.38e-04
Test: loss:6.83e-04  =  6.69e-04 + alpha*1.39e-04
Valid performance:
 mse:7.16e-04, IC:5.03e-02, RIC:4.08e-01, prec@10:5.38e-01, SR:3.89e+00
Test performance:
 mse:6.71e-04, IC:2.74e-02, RIC:2.75e-01, prec@10:5.16e-01, SR:1.36e-01
epoch31##########################################################
Train : loss:6.72e-04  =  6.62e-04 + alpha*9.93e-05
Valid : loss:7.38e-04  =  7.24e-04 + alpha*1.34e-04
Test: loss:6.42e-04  =  6.28e-04 + alpha*1.33e-04
Valid performance:
 mse:7.30e-04, IC:3.74e-02, RIC:3.11e-01, prec@10:5.29e-01, SR:2.64e+00
Test performance:
 mse:6.30e-04, IC:2.97e-02, RIC:3.05e-01, prec@10:5.30e-01, SR:3.88e-01
epoch32##########################################################
Train : loss:6.15e-04  =  6.06e-04 + alpha*9.51e-05
Valid : loss:6.83e-04  =  6.72e-04 + alpha*1.14e-04
Test: loss:6.65e-04  =  6.54e-04 + alpha*1.06e-04
Valid performance:
 mse:6.78e-04, IC:3.74e-02, RIC:3.14e-01, prec@10:5.37e-01, SR:3.11e+00
Test performance:
 mse:6.56e-04, IC:3.03e-02, RIC:3.40e-01, prec@10:5.30e-01, SR:6.57e-01
epoch33##########################################################
Train : loss:5.52e-04  =  5.43e-04 + alpha*8.79e-05
Valid : loss:6.93e-04  =  6.81e-04 + alpha*1.21e-04
Test: loss:6.42e-04  =  6.31e-04 + alpha*1.13e-04
Valid performance:
 mse:6.86e-04, IC:3.48e-02, RIC:2.71e-01, prec@10:5.36e-01, SR:2.86e+00
Test performance:
 mse:6.33e-04, IC:2.87e-02, RIC:3.15e-01, prec@10:5.28e-01, SR:7.33e-01
epoch34##########################################################
Train : loss:6.03e-04  =  5.94e-04 + alpha*9.03e-05
Valid : loss:8.60e-04  =  8.48e-04 + alpha*1.16e-04
Test: loss:7.29e-04  =  7.18e-04 + alpha*1.18e-04
Valid performance:
 mse:8.55e-04, IC:4.32e-02, RIC:3.54e-01, prec@10:5.31e-01, SR:3.67e+00
Test performance:
 mse:7.20e-04, IC:3.03e-02, RIC:3.14e-01, prec@10:5.30e-01, SR:9.57e-01
epoch35##########################################################
Train : loss:5.63e-04  =  5.55e-04 + alpha*8.81e-05
Valid : loss:8.86e-04  =  8.73e-04 + alpha*1.27e-04
Test: loss:6.84e-04  =  6.71e-04 + alpha*1.27e-04
Valid performance:
 mse:8.80e-04, IC:4.32e-02, RIC:3.52e-01, prec@10:5.34e-01, SR:3.23e+00
Test performance:
 mse:6.73e-04, IC:2.61e-02, RIC:2.67e-01, prec@10:5.23e-01, SR:2.71e-01
epoch36##########################################################
Train : loss:5.60e-04  =  5.51e-04 + alpha*8.46e-05
Valid : loss:6.41e-04  =  6.31e-04 + alpha*1.06e-04
Test: loss:6.06e-04  =  5.95e-04 + alpha*1.02e-04
Valid performance:
 mse:6.36e-04, IC:4.05e-02, RIC:3.42e-01, prec@10:5.32e-01, SR:3.51e+00
Test performance:
 mse:5.97e-04, IC:3.13e-02, RIC:3.31e-01, prec@10:5.20e-01, SR:-3.29e-01
epoch37##########################################################
Train : loss:5.97e-04  =  5.88e-04 + alpha*8.61e-05
Valid : loss:6.33e-04  =  6.23e-04 + alpha*1.03e-04
Test: loss:5.49e-04  =  5.38e-04 + alpha*1.04e-04
Valid performance:
 mse:6.28e-04, IC:4.19e-02, RIC:3.41e-01, prec@10:5.41e-01, SR:3.41e+00
Test performance:
 mse:5.40e-04, IC:3.06e-02, RIC:3.12e-01, prec@10:5.17e-01, SR:-1.47e-01
epoch38##########################################################
Train : loss:5.67e-04  =  5.59e-04 + alpha*8.16e-05
Valid : loss:8.61e-04  =  8.50e-04 + alpha*1.11e-04
Test: loss:7.01e-04  =  6.89e-04 + alpha*1.15e-04
Valid performance:
 mse:8.57e-04, IC:3.62e-02, RIC:3.18e-01, prec@10:5.38e-01, SR:2.28e+00
Test performance:
 mse:6.91e-04, IC:2.87e-02, RIC:3.03e-01, prec@10:5.14e-01, SR:6.37e-01
epoch39##########################################################
Train : loss:5.62e-04  =  5.54e-04 + alpha*7.99e-05
Valid : loss:6.72e-04  =  6.62e-04 + alpha*9.78e-05
Test: loss:6.14e-04  =  6.06e-04 + alpha*8.41e-05
Valid performance:
 mse:6.67e-04, IC:2.16e-02, RIC:1.75e-01, prec@10:5.35e-01, SR:2.41e+00
Test performance:
 mse:6.07e-04, IC:3.24e-02, RIC:3.74e-01, prec@10:5.29e-01, SR:9.87e-01
epoch40##########################################################
Train : loss:5.48e-04  =  5.40e-04 + alpha*7.85e-05
Valid : loss:6.73e-04  =  6.63e-04 + alpha*1.04e-04
Test: loss:7.30e-04  =  7.19e-04 + alpha*1.04e-04
Valid performance:
 mse:6.68e-04, IC:1.58e-02, RIC:1.41e-01, prec@10:5.38e-01, SR:2.67e+00
Test performance:
 mse:7.22e-04, IC:2.13e-02, RIC:2.54e-01, prec@10:5.33e-01, SR:1.06e+00
epoch41##########################################################
Train : loss:5.22e-04  =  5.15e-04 + alpha*7.59e-05
Valid : loss:6.12e-04  =  6.04e-04 + alpha*8.96e-05
Test: loss:6.08e-04  =  5.99e-04 + alpha*9.39e-05
Valid performance:
 mse:6.08e-04, IC:3.24e-02, RIC:2.72e-01, prec@10:5.27e-01, SR:2.63e+00
Test performance:
 mse:6.00e-04, IC:2.93e-02, RIC:3.34e-01, prec@10:5.25e-01, SR:1.05e+00
epoch42##########################################################
Train : loss:5.24e-04  =  5.16e-04 + alpha*7.42e-05
Valid : loss:7.34e-04  =  7.25e-04 + alpha*9.10e-05
Test: loss:6.75e-04  =  6.67e-04 + alpha*7.94e-05
Valid performance:
 mse:7.31e-04, IC:2.29e-02, RIC:2.00e-01, prec@10:5.27e-01, SR:2.48e+00
Test performance:
 mse:6.69e-04, IC:2.66e-02, RIC:3.08e-01, prec@10:5.35e-01, SR:9.15e-01
epoch43##########################################################
Train : loss:5.32e-04  =  5.25e-04 + alpha*7.22e-05
Valid : loss:5.83e-04  =  5.76e-04 + alpha*7.70e-05
Test: loss:5.07e-04  =  4.99e-04 + alpha*7.26e-05
Valid performance:
 mse:5.81e-04, IC:2.65e-02, RIC:2.60e-01, prec@10:5.23e-01, SR:2.34e+00
Test performance:
 mse:5.01e-04, IC:2.79e-02, RIC:3.34e-01, prec@10:5.23e-01, SR:6.77e-01
epoch44##########################################################
Train : loss:4.89e-04  =  4.82e-04 + alpha*6.94e-05
Valid : loss:5.68e-04  =  5.60e-04 + alpha*7.88e-05
Test: loss:4.70e-04  =  4.63e-04 + alpha*6.93e-05
Valid performance:
 mse:5.65e-04, IC:2.79e-02, RIC:2.45e-01, prec@10:5.37e-01, SR:2.43e+00
Test performance:
 mse:4.64e-04, IC:3.16e-02, RIC:3.65e-01, prec@10:5.37e-01, SR:1.10e+00
epoch45##########################################################
Train : loss:5.20e-04  =  5.13e-04 + alpha*7.06e-05
Valid : loss:5.61e-04  =  5.53e-04 + alpha*7.94e-05
Test: loss:5.03e-04  =  4.95e-04 + alpha*8.24e-05
Valid performance:
 mse:5.57e-04, IC:4.38e-02, RIC:3.48e-01, prec@10:5.40e-01, SR:3.33e+00
Test performance:
 mse:4.97e-04, IC:3.07e-02, RIC:3.07e-01, prec@10:5.21e-01, SR:-2.30e-01
epoch46##########################################################
Train : loss:5.97e-04  =  5.90e-04 + alpha*7.55e-05
Valid : loss:5.62e-04  =  5.54e-04 + alpha*7.91e-05
Test: loss:6.12e-04  =  6.02e-04 + alpha*1.00e-04
Valid performance:
 mse:5.59e-04, IC:3.99e-02, RIC:3.25e-01, prec@10:5.27e-01, SR:2.41e+00
Test performance:
 mse:6.04e-04, IC:2.67e-02, RIC:2.84e-01, prec@10:5.18e-01, SR:-3.80e-01
epoch47##########################################################
Train : loss:4.89e-04  =  4.83e-04 + alpha*6.48e-05
Valid : loss:6.22e-04  =  6.14e-04 + alpha*7.37e-05
Test: loss:3.07e-03  =  3.05e-03 + alpha*2.47e-04
Valid performance:
 mse:6.19e-04, IC:3.97e-02, RIC:3.25e-01, prec@10:5.35e-01, SR:2.67e+00
Test performance:
 mse:3.06e-03, IC:1.74e-02, RIC:1.66e-01, prec@10:5.14e-01, SR:3.60e-01
epoch48##########################################################
Train : loss:4.68e-04  =  4.62e-04 + alpha*6.17e-05
Valid : loss:7.63e-04  =  7.55e-04 + alpha*7.46e-05
Test: loss:1.52e-03  =  1.50e-03 + alpha*1.93e-04
Valid performance:
 mse:7.61e-04, IC:2.80e-02, RIC:2.25e-01, prec@10:5.31e-01, SR:2.11e+00
Test performance:
 mse:1.51e-03, IC:1.94e-02, RIC:1.93e-01, prec@10:5.09e-01, SR:-2.96e-02
epoch49##########################################################
Train : loss:4.86e-04  =  4.80e-04 + alpha*6.12e-05
Valid : loss:5.97e-04  =  5.90e-04 + alpha*7.12e-05
Test: loss:1.07e-03  =  1.06e-03 + alpha*1.43e-04
Valid performance:
 mse:5.95e-04, IC:2.60e-02, RIC:2.24e-01, prec@10:5.17e-01, SR:1.96e+00
Test performance:
 mse:1.06e-03, IC:2.09e-02, RIC:2.12e-01, prec@10:5.07e-01, SR:3.44e-01
epoch50##########################################################
Train : loss:4.84e-04  =  4.78e-04 + alpha*6.16e-05
Valid : loss:7.43e-04  =  7.37e-04 + alpha*6.55e-05
Test: loss:1.07e-03  =  1.06e-03 + alpha*1.06e-04
Valid performance:
 mse:7.43e-04, IC:3.71e-02, RIC:3.08e-01, prec@10:5.36e-01, SR:2.60e+00
Test performance:
 mse:1.06e-03, IC:2.53e-02, RIC:2.56e-01, prec@10:5.08e-01, SR:2.60e-01
epoch51##########################################################
Train : loss:4.90e-04  =  4.84e-04 + alpha*5.94e-05
Valid : loss:6.14e-04  =  6.06e-04 + alpha*7.92e-05
Test: loss:5.79e-04  =  5.70e-04 + alpha*8.74e-05
Valid performance:
 mse:6.11e-04, IC:3.17e-02, RIC:2.45e-01, prec@10:5.38e-01, SR:2.31e+00
Test performance:
 mse:5.72e-04, IC:2.28e-02, RIC:2.41e-01, prec@10:5.14e-01, SR:1.01e-02
epoch52##########################################################
Train : loss:5.26e-04  =  5.20e-04 + alpha*6.05e-05
Valid : loss:5.63e-04  =  5.57e-04 + alpha*5.84e-05
Test: loss:5.14e-04  =  5.08e-04 + alpha*6.18e-05
Valid performance:
 mse:5.62e-04, IC:3.69e-02, RIC:3.22e-01, prec@10:5.43e-01, SR:2.69e+00
Test performance:
 mse:5.09e-04, IC:3.09e-02, RIC:3.48e-01, prec@10:5.23e-01, SR:8.28e-01
epoch53##########################################################
Train : loss:4.89e-04  =  4.83e-04 + alpha*5.71e-05
Valid : loss:5.55e-04  =  5.48e-04 + alpha*7.16e-05
Test: loss:7.21e-04  =  7.10e-04 + alpha*1.12e-04
Valid performance:
 mse:5.52e-04, IC:4.07e-02, RIC:2.96e-01, prec@10:5.30e-01, SR:2.35e+00
Test performance:
 mse:7.12e-04, IC:2.06e-02, RIC:2.03e-01, prec@10:5.05e-01, SR:3.78e-01
epoch54##########################################################
Train : loss:4.78e-04  =  4.73e-04 + alpha*5.54e-05
Valid : loss:5.34e-04  =  5.28e-04 + alpha*5.62e-05
Test: loss:4.89e-04  =  4.83e-04 + alpha*6.55e-05
Valid performance:
 mse:5.32e-04, IC:2.54e-02, RIC:2.32e-01, prec@10:5.17e-01, SR:2.66e+00
Test performance:
 mse:4.84e-04, IC:2.92e-02, RIC:3.18e-01, prec@10:5.17e-01, SR:6.85e-01
epoch55##########################################################
Train : loss:4.72e-04  =  4.66e-04 + alpha*5.53e-05
Valid : loss:6.50e-04  =  6.44e-04 + alpha*6.31e-05
Test: loss:1.24e-03  =  1.23e-03 + alpha*1.39e-04
Valid performance:
 mse:6.49e-04, IC:3.71e-02, RIC:2.94e-01, prec@10:5.19e-01, SR:2.17e+00
Test performance:
 mse:1.23e-03, IC:2.47e-02, RIC:2.40e-01, prec@10:5.06e-01, SR:5.97e-01
epoch56##########################################################
Train : loss:4.97e-04  =  4.91e-04 + alpha*5.65e-05
Valid : loss:6.01e-04  =  5.95e-04 + alpha*6.18e-05
Test: loss:5.47e-04  =  5.41e-04 + alpha*6.80e-05
Valid performance:
 mse:5.99e-04, IC:3.05e-02, RIC:2.47e-01, prec@10:5.26e-01, SR:2.64e+00
Test performance:
 mse:5.42e-04, IC:3.13e-02, RIC:3.36e-01, prec@10:5.16e-01, SR:-1.21e+00
epoch57##########################################################
Train : loss:4.67e-04  =  4.62e-04 + alpha*5.27e-05
Valid : loss:6.66e-04  =  6.60e-04 + alpha*6.19e-05
Test: loss:8.28e-04  =  8.19e-04 + alpha*9.81e-05
Valid performance:
 mse:6.65e-04, IC:4.52e-02, RIC:3.55e-01, prec@10:5.26e-01, SR:2.65e+00
Test performance:
 mse:8.21e-04, IC:2.63e-02, RIC:2.65e-01, prec@10:5.05e-01, SR:-1.02e-02
epoch58##########################################################
Train : loss:4.54e-04  =  4.48e-04 + alpha*5.23e-05
Valid : loss:5.86e-04  =  5.79e-04 + alpha*6.61e-05
Test: loss:5.32e-04  =  5.25e-04 + alpha*6.36e-05
Valid performance:
 mse:5.84e-04, IC:1.35e-02, RIC:1.17e-01, prec@10:5.46e-01, SR:2.84e+00
Test performance:
 mse:5.27e-04, IC:1.97e-02, RIC:2.53e-01, prec@10:5.20e-01, SR:7.91e-01
epoch59##########################################################
Train : loss:4.98e-04  =  4.93e-04 + alpha*5.39e-05
Valid : loss:7.48e-04  =  7.41e-04 + alpha*6.51e-05
Test: loss:7.11e-04  =  7.03e-04 + alpha*8.69e-05
Valid performance:
 mse:7.47e-04, IC:1.51e-02, RIC:1.31e-01, prec@10:5.45e-01, SR:3.14e+00
Test performance:
 mse:7.05e-04, IC:1.70e-02, RIC:1.90e-01, prec@10:5.27e-01, SR:6.65e-01
epoch60##########################################################
Train : loss:4.56e-04  =  4.51e-04 + alpha*4.98e-05
Valid : loss:5.52e-04  =  5.45e-04 + alpha*6.72e-05
Test: loss:1.09e-03  =  1.07e-03 + alpha*1.40e-04
Valid performance:
 mse:5.49e-04, IC:4.97e-02, RIC:3.61e-01, prec@10:5.34e-01, SR:2.94e+00
Test performance:
 mse:1.08e-03, IC:2.24e-02, RIC:2.13e-01, prec@10:5.05e-01, SR:-1.31e-01
epoch61##########################################################
Train : loss:4.49e-04  =  4.44e-04 + alpha*4.96e-05
Valid : loss:5.29e-04  =  5.24e-04 + alpha*5.50e-05
Test: loss:1.14e-03  =  1.13e-03 + alpha*1.41e-04
Valid performance:
 mse:5.28e-04, IC:1.63e-02, RIC:1.46e-01, prec@10:5.26e-01, SR:2.60e+00
Test performance:
 mse:1.13e-03, IC:1.79e-02, RIC:1.86e-01, prec@10:5.15e-01, SR:-1.60e-01
epoch62##########################################################
Train : loss:4.70e-04  =  4.65e-04 + alpha*4.90e-05
Valid : loss:5.16e-04  =  5.11e-04 + alpha*5.25e-05
Test: loss:5.36e-04  =  5.29e-04 + alpha*7.25e-05
Valid performance:
 mse:5.15e-04, IC:3.35e-02, RIC:2.68e-01, prec@10:5.37e-01, SR:2.86e+00
Test performance:
 mse:5.30e-04, IC:2.88e-02, RIC:3.14e-01, prec@10:5.21e-01, SR:3.57e-04
epoch63##########################################################
Train : loss:4.51e-04  =  4.46e-04 + alpha*4.83e-05
Valid : loss:5.75e-04  =  5.70e-04 + alpha*4.84e-05
Test: loss:7.66e-04  =  7.57e-04 + alpha*8.69e-05
Valid performance:
 mse:5.75e-04, IC:2.00e-02, RIC:1.73e-01, prec@10:5.39e-01, SR:2.76e+00
Test performance:
 mse:7.60e-04, IC:2.32e-02, RIC:2.70e-01, prec@10:5.23e-01, SR:1.20e+00
epoch64##########################################################
Train : loss:4.64e-04  =  4.59e-04 + alpha*4.81e-05
Valid : loss:5.36e-04  =  5.30e-04 + alpha*5.53e-05
Test: loss:8.12e-04  =  8.01e-04 + alpha*1.10e-04
Valid performance:
 mse:5.34e-04, IC:4.30e-02, RIC:3.17e-01, prec@10:5.22e-01, SR:2.33e+00
Test performance:
 mse:8.04e-04, IC:2.47e-02, RIC:2.36e-01, prec@10:5.17e-01, SR:6.39e-01
epoch65##########################################################
Train : loss:5.11e-04  =  5.05e-04 + alpha*5.20e-05
Valid : loss:6.96e-04  =  6.91e-04 + alpha*4.68e-05
Test: loss:6.10e-04  =  6.04e-04 + alpha*6.62e-05
Valid performance:
 mse:6.97e-04, IC:3.43e-02, RIC:2.84e-01, prec@10:5.30e-01, SR:1.95e+00
Test performance:
 mse:6.06e-04, IC:2.94e-02, RIC:2.81e-01, prec@10:5.14e-01, SR:7.62e-01
epoch66##########################################################
Train : loss:4.28e-04  =  4.23e-04 + alpha*4.45e-05
Valid : loss:6.80e-04  =  6.75e-04 + alpha*4.88e-05
Test: loss:6.02e-04  =  5.96e-04 + alpha*5.73e-05
Valid performance:
 mse:6.80e-04, IC:4.25e-02, RIC:3.52e-01, prec@10:5.20e-01, SR:2.63e+00
Test performance:
 mse:5.98e-04, IC:3.13e-02, RIC:3.18e-01, prec@10:5.16e-01, SR:4.74e-01
epoch67##########################################################
Train : loss:4.36e-04  =  4.32e-04 + alpha*4.54e-05
Valid : loss:6.58e-04  =  6.53e-04 + alpha*5.42e-05
Test: loss:6.46e-04  =  6.38e-04 + alpha*7.73e-05
Valid performance:
 mse:6.58e-04, IC:9.89e-03, RIC:8.81e-02, prec@10:5.32e-01, SR:2.33e+00
Test performance:
 mse:6.40e-04, IC:1.74e-02, RIC:2.06e-01, prec@10:5.14e-01, SR:8.28e-01
epoch68##########################################################
Train : loss:4.37e-04  =  4.33e-04 + alpha*4.50e-05
Valid : loss:5.22e-04  =  5.16e-04 + alpha*6.32e-05
Test: loss:4.44e-04  =  4.39e-04 + alpha*5.52e-05
Valid performance:
 mse:5.20e-04, IC:-3.20e-03, RIC:-2.99e-02, prec@10:5.40e-01, SR:2.48e+00
Test performance:
 mse:4.40e-04, IC:1.75e-02, RIC:2.16e-01, prec@10:5.24e-01, SR:1.13e+00
epoch69##########################################################
Train : loss:4.59e-04  =  4.54e-04 + alpha*4.47e-05
Valid : loss:5.23e-04  =  5.19e-04 + alpha*4.47e-05
Test: loss:4.55e-04  =  4.50e-04 + alpha*4.58e-05
Valid performance:
 mse:5.23e-04, IC:3.86e-02, RIC:3.20e-01, prec@10:5.27e-01, SR:3.27e+00
Test performance:
 mse:4.52e-04, IC:3.62e-02, RIC:4.21e-01, prec@10:5.06e-01, SR:-7.68e-01
epoch70##########################################################
Train : loss:4.59e-04  =  4.54e-04 + alpha*4.61e-05
Valid : loss:5.77e-04  =  5.72e-04 + alpha*5.74e-05
Test: loss:8.61e-04  =  8.50e-04 + alpha*1.10e-04
Valid performance:
 mse:5.76e-04, IC:4.40e-02, RIC:3.43e-01, prec@10:5.25e-01, SR:3.10e+00
Test performance:
 mse:8.53e-04, IC:1.96e-02, RIC:1.81e-01, prec@10:5.09e-01, SR:2.86e-02
epoch71##########################################################
Train : loss:4.30e-04  =  4.26e-04 + alpha*4.37e-05
Valid : loss:5.02e-04  =  4.98e-04 + alpha*4.34e-05
Test: loss:1.06e-03  =  1.05e-03 + alpha*1.06e-04
Valid performance:
 mse:5.02e-04, IC:2.86e-02, RIC:2.86e-01, prec@10:5.30e-01, SR:3.25e+00
Test performance:
 mse:1.05e-03, IC:1.60e-02, RIC:1.75e-01, prec@10:5.17e-01, SR:-1.57e-01
epoch72##########################################################
Train : loss:4.29e-04  =  4.24e-04 + alpha*4.35e-05
Valid : loss:5.21e-04  =  5.16e-04 + alpha*4.74e-05
Test: loss:7.77e-04  =  7.66e-04 + alpha*1.11e-04
Valid performance:
 mse:5.20e-04, IC:2.42e-02, RIC:2.10e-01, prec@10:5.35e-01, SR:2.40e+00
Test performance:
 mse:7.69e-04, IC:1.70e-02, RIC:1.74e-01, prec@10:5.22e-01, SR:-7.40e-02
epoch73##########################################################
Train : loss:4.47e-04  =  4.43e-04 + alpha*4.31e-05
Valid : loss:4.95e-04  =  4.91e-04 + alpha*4.11e-05
Test: loss:6.00e-04  =  5.93e-04 + alpha*6.89e-05
Valid performance:
 mse:4.95e-04, IC:4.43e-02, RIC:3.63e-01, prec@10:5.37e-01, SR:3.19e+00
Test performance:
 mse:5.95e-04, IC:2.76e-02, RIC:2.72e-01, prec@10:5.27e-01, SR:1.05e+00
epoch74##########################################################
Train : loss:4.42e-04  =  4.38e-04 + alpha*4.26e-05
Valid : loss:6.16e-04  =  6.10e-04 + alpha*6.56e-05
Test: loss:6.55e-04  =  6.46e-04 + alpha*8.67e-05
Valid performance:
 mse:6.15e-04, IC:4.85e-02, RIC:3.70e-01, prec@10:5.23e-01, SR:4.37e+00
Test performance:
 mse:6.48e-04, IC:2.20e-02, RIC:2.23e-01, prec@10:5.07e-01, SR:-4.25e-02
epoch75##########################################################
Train : loss:4.50e-04  =  4.45e-04 + alpha*4.35e-05
Valid : loss:6.68e-04  =  6.63e-04 + alpha*4.98e-05
Test: loss:6.75e-04  =  6.68e-04 + alpha*6.92e-05
Valid performance:
 mse:6.69e-04, IC:4.69e-02, RIC:3.54e-01, prec@10:5.29e-01, SR:3.31e+00
Test performance:
 mse:6.70e-04, IC:2.27e-02, RIC:2.27e-01, prec@10:5.18e-01, SR:3.45e-01
epoch76##########################################################
Train : loss:4.84e-04  =  4.80e-04 + alpha*4.24e-05
Valid : loss:4.98e-04  =  4.94e-04 + alpha*4.28e-05
Test: loss:4.11e-04  =  4.07e-04 + alpha*4.59e-05
Valid performance:
 mse:4.98e-04, IC:4.61e-02, RIC:3.69e-01, prec@10:5.27e-01, SR:2.98e+00
Test performance:
 mse:4.08e-04, IC:3.57e-02, RIC:3.89e-01, prec@10:5.19e-01, SR:9.66e-01
epoch77##########################################################
Train : loss:4.19e-04  =  4.15e-04 + alpha*4.05e-05
Valid : loss:4.91e-04  =  4.87e-04 + alpha*3.83e-05
Test: loss:6.47e-04  =  6.40e-04 + alpha*7.73e-05
Valid performance:
 mse:4.91e-04, IC:4.57e-02, RIC:3.57e-01, prec@10:5.31e-01, SR:3.07e+00
Test performance:
 mse:6.42e-04, IC:2.63e-02, RIC:2.68e-01, prec@10:5.20e-01, SR:4.27e-02
epoch78##########################################################
Train : loss:4.41e-04  =  4.37e-04 + alpha*4.15e-05
Valid : loss:5.04e-04  =  5.00e-04 + alpha*3.74e-05
Test: loss:4.97e-04  =  4.91e-04 + alpha*5.43e-05
Valid performance:
 mse:5.05e-04, IC:4.25e-02, RIC:3.46e-01, prec@10:5.43e-01, SR:2.89e+00
Test performance:
 mse:4.93e-04, IC:2.95e-02, RIC:3.31e-01, prec@10:5.29e-01, SR:5.13e-01
epoch79##########################################################
Train : loss:4.40e-04  =  4.36e-04 + alpha*4.10e-05
Valid : loss:5.55e-04  =  5.50e-04 + alpha*4.36e-05
Test: loss:4.39e-04  =  4.35e-04 + alpha*4.06e-05
Valid performance:
 mse:5.55e-04, IC:4.94e-02, RIC:3.92e-01, prec@10:5.21e-01, SR:3.17e+00
Test performance:
 mse:4.37e-04, IC:4.20e-02, RIC:4.73e-01, prec@10:5.25e-01, SR:3.62e-01
epoch80##########################################################
Train : loss:4.21e-04  =  4.17e-04 + alpha*3.98e-05
Valid : loss:5.34e-04  =  5.31e-04 + alpha*3.77e-05
Test: loss:4.68e-04  =  4.64e-04 + alpha*3.92e-05
Valid performance:
 mse:5.35e-04, IC:3.64e-02, RIC:2.96e-01, prec@10:5.29e-01, SR:2.71e+00
Test performance:
 mse:4.65e-04, IC:3.41e-02, RIC:3.86e-01, prec@10:5.35e-01, SR:1.43e+00
epoch81##########################################################
Train : loss:4.47e-04  =  4.43e-04 + alpha*4.14e-05
Valid : loss:5.50e-04  =  5.45e-04 + alpha*4.58e-05
Test: loss:6.92e-04  =  6.85e-04 + alpha*7.52e-05
Valid performance:
 mse:5.50e-04, IC:5.02e-02, RIC:3.76e-01, prec@10:5.27e-01, SR:3.33e+00
Test performance:
 mse:6.87e-04, IC:2.62e-02, RIC:2.77e-01, prec@10:5.21e-01, SR:9.30e-01
epoch82##########################################################
Train : loss:4.40e-04  =  4.36e-04 + alpha*4.00e-05
Valid : loss:5.91e-04  =  5.87e-04 + alpha*4.70e-05
Test: loss:5.62e-04  =  5.56e-04 + alpha*5.68e-05
Valid performance:
 mse:5.91e-04, IC:3.04e-02, RIC:2.60e-01, prec@10:5.34e-01, SR:2.31e+00
Test performance:
 mse:5.58e-04, IC:2.46e-02, RIC:2.76e-01, prec@10:5.28e-01, SR:1.35e+00
epoch83##########################################################
Train : loss:4.25e-04  =  4.21e-04 + alpha*3.90e-05
Valid : loss:6.04e-04  =  6.01e-04 + alpha*3.01e-05
Test: loss:6.30e-04  =  6.26e-04 + alpha*4.55e-05
Valid performance:
 mse:6.06e-04, IC:2.78e-02, RIC:2.67e-01, prec@10:5.38e-01, SR:2.51e+00
Test performance:
 mse:6.28e-04, IC:3.03e-02, RIC:3.59e-01, prec@10:5.26e-01, SR:1.66e+00
epoch84##########################################################
Train : loss:4.24e-04  =  4.20e-04 + alpha*3.80e-05
Valid : loss:5.35e-04  =  5.31e-04 + alpha*3.77e-05
Test: loss:8.08e-04  =  7.99e-04 + alpha*8.32e-05
Valid performance:
 mse:5.36e-04, IC:4.65e-02, RIC:3.69e-01, prec@10:5.19e-01, SR:2.28e+00
Test performance:
 mse:8.02e-04, IC:2.04e-02, RIC:2.07e-01, prec@10:5.14e-01, SR:-4.68e-01
epoch85##########################################################
Train : loss:4.43e-04  =  4.39e-04 + alpha*3.94e-05
Valid : loss:5.11e-04  =  5.07e-04 + alpha*4.39e-05
Test: loss:8.81e-04  =  8.71e-04 + alpha*9.88e-05
Valid performance:
 mse:5.11e-04, IC:4.21e-02, RIC:3.22e-01, prec@10:5.27e-01, SR:2.59e+00
Test performance:
 mse:8.73e-04, IC:1.83e-02, RIC:1.79e-01, prec@10:5.05e-01, SR:-1.48e-01
epoch86##########################################################
Train : loss:4.38e-04  =  4.34e-04 + alpha*3.91e-05
Valid : loss:5.60e-04  =  5.55e-04 + alpha*4.84e-05
Test: loss:5.30e-04  =  5.24e-04 + alpha*5.53e-05
Valid performance:
 mse:5.60e-04, IC:8.31e-03, RIC:7.23e-02, prec@10:5.46e-01, SR:2.56e+00
Test performance:
 mse:5.26e-04, IC:1.67e-02, RIC:2.02e-01, prec@10:5.30e-01, SR:7.35e-01
epoch87##########################################################
Train : loss:4.27e-04  =  4.23e-04 + alpha*3.88e-05
Valid : loss:5.01e-04  =  4.97e-04 + alpha*3.54e-05
Test: loss:7.43e-04  =  7.36e-04 + alpha*7.34e-05
Valid performance:
 mse:5.01e-04, IC:4.08e-02, RIC:3.38e-01, prec@10:5.33e-01, SR:3.31e+00
Test performance:
 mse:7.38e-04, IC:2.32e-02, RIC:2.40e-01, prec@10:5.18e-01, SR:6.21e-01
epoch88##########################################################
Train : loss:4.35e-04  =  4.31e-04 + alpha*3.91e-05
Valid : loss:5.67e-04  =  5.64e-04 + alpha*3.43e-05
Test: loss:5.15e-04  =  5.11e-04 + alpha*3.74e-05
Valid performance:
 mse:5.68e-04, IC:4.39e-02, RIC:3.48e-01, prec@10:5.25e-01, SR:2.09e+00
Test performance:
 mse:5.13e-04, IC:3.30e-02, RIC:3.67e-01, prec@10:5.21e-01, SR:6.47e-01
epoch89##########################################################
Train : loss:4.20e-04  =  4.17e-04 + alpha*3.80e-05
Valid : loss:4.84e-04  =  4.81e-04 + alpha*3.33e-05
Test: loss:4.12e-04  =  4.09e-04 + alpha*3.59e-05
Valid performance:
 mse:4.85e-04, IC:4.17e-02, RIC:3.31e-01, prec@10:5.39e-01, SR:3.27e+00
Test performance:
 mse:4.10e-04, IC:3.22e-02, RIC:3.58e-01, prec@10:5.27e-01, SR:4.51e-01
epoch90##########################################################
Train : loss:4.26e-04  =  4.22e-04 + alpha*3.84e-05
Valid : loss:5.61e-04  =  5.57e-04 + alpha*4.59e-05
Test: loss:5.32e-04  =  5.27e-04 + alpha*5.43e-05
Valid performance:
 mse:5.61e-04, IC:2.78e-02, RIC:2.33e-01, prec@10:5.37e-01, SR:2.82e+00
Test performance:
 mse:5.29e-04, IC:2.30e-02, RIC:2.69e-01, prec@10:5.25e-01, SR:1.45e-01
epoch91##########################################################
Train : loss:4.26e-04  =  4.22e-04 + alpha*3.85e-05
Valid : loss:4.99e-04  =  4.95e-04 + alpha*3.89e-05
Test: loss:8.54e-04  =  8.46e-04 + alpha*8.04e-05
Valid performance:
 mse:4.99e-04, IC:1.47e-02, RIC:1.28e-01, prec@10:5.51e-01, SR:3.24e+00
Test performance:
 mse:8.49e-04, IC:1.45e-02, RIC:1.67e-01, prec@10:5.20e-01, SR:6.99e-02
epoch92##########################################################
Train : loss:4.09e-04  =  4.05e-04 + alpha*3.64e-05
Valid : loss:4.91e-04  =  4.87e-04 + alpha*3.58e-05
Test: loss:4.00e-04  =  3.97e-04 + alpha*3.56e-05
Valid performance:
 mse:4.91e-04, IC:4.54e-02, RIC:3.48e-01, prec@10:5.28e-01, SR:3.57e+00
Test performance:
 mse:3.98e-04, IC:2.77e-02, RIC:3.01e-01, prec@10:5.11e-01, SR:1.13e-01
epoch93##########################################################
Train : loss:4.58e-04  =  4.54e-04 + alpha*3.96e-05
Valid : loss:5.91e-04  =  5.86e-04 + alpha*4.45e-05
Test: loss:9.69e-04  =  9.60e-04 + alpha*8.96e-05
Valid performance:
 mse:5.91e-04, IC:5.22e-02, RIC:3.81e-01, prec@10:5.31e-01, SR:2.85e+00
Test performance:
 mse:9.63e-04, IC:1.82e-02, RIC:1.83e-01, prec@10:5.09e-01, SR:-3.63e-01
epoch94##########################################################
Train : loss:4.28e-04  =  4.24e-04 + alpha*3.74e-05
Valid : loss:5.93e-04  =  5.90e-04 + alpha*3.35e-05
Test: loss:5.97e-04  =  5.92e-04 + alpha*4.31e-05
Valid performance:
 mse:5.95e-04, IC:2.41e-02, RIC:2.02e-01, prec@10:5.39e-01, SR:3.07e+00
Test performance:
 mse:5.94e-04, IC:2.78e-02, RIC:3.28e-01, prec@10:5.26e-01, SR:7.07e-01
epoch95##########################################################
Train : loss:4.09e-04  =  4.06e-04 + alpha*3.61e-05
Valid : loss:5.51e-04  =  5.46e-04 + alpha*4.48e-05
Test: loss:1.09e-03  =  1.08e-03 + alpha*9.66e-05
Valid performance:
 mse:5.51e-04, IC:4.67e-02, RIC:3.51e-01, prec@10:5.31e-01, SR:4.02e+00
Test performance:
 mse:1.08e-03, IC:1.76e-02, RIC:1.92e-01, prec@10:5.04e-01, SR:5.24e-01
epoch96##########################################################
Train : loss:4.29e-04  =  4.25e-04 + alpha*3.82e-05
Valid : loss:4.89e-04  =  4.86e-04 + alpha*3.20e-05
Test: loss:1.23e-03  =  1.22e-03 + alpha*9.81e-05
Valid performance:
 mse:4.90e-04, IC:4.53e-02, RIC:3.62e-01, prec@10:5.39e-01, SR:2.71e+00
Test performance:
 mse:1.23e-03, IC:2.26e-02, RIC:2.28e-01, prec@10:5.27e-01, SR:6.13e-01
epoch97##########################################################
Train : loss:4.49e-04  =  4.45e-04 + alpha*3.78e-05
Valid : loss:5.28e-04  =  5.25e-04 + alpha*3.08e-05
Test: loss:6.01e-04  =  5.96e-04 + alpha*5.37e-05
Valid performance:
 mse:5.30e-04, IC:3.16e-02, RIC:2.73e-01, prec@10:5.45e-01, SR:2.87e+00
Test performance:
 mse:5.98e-04, IC:2.70e-02, RIC:3.11e-01, prec@10:5.28e-01, SR:1.02e-01
epoch98##########################################################
Train : loss:4.02e-04  =  3.99e-04 + alpha*3.60e-05
Valid : loss:5.01e-04  =  4.99e-04 + alpha*2.91e-05
Test: loss:6.89e-04  =  6.83e-04 + alpha*6.08e-05
Valid performance:
 mse:5.03e-04, IC:2.57e-02, RIC:2.22e-01, prec@10:5.42e-01, SR:2.56e+00
Test performance:
 mse:6.85e-04, IC:2.69e-02, RIC:3.10e-01, prec@10:5.33e-01, SR:1.09e+00
epoch99##########################################################
Train : loss:4.02e-04  =  3.99e-04 + alpha*3.60e-05
Valid : loss:5.26e-04  =  5.22e-04 + alpha*3.75e-05
Test: loss:1.01e-03  =  1.00e-03 + alpha*9.32e-05
Valid performance:
 mse:5.26e-04, IC:4.80e-02, RIC:3.51e-01, prec@10:5.34e-01, SR:3.63e+00
Test performance:
 mse:1.00e-03, IC:1.76e-02, RIC:1.89e-01, prec@10:5.08e-01, SR:-6.09e-01
epoch100##########################################################
Train : loss:4.26e-04  =  4.23e-04 + alpha*3.72e-05
Valid : loss:6.19e-04  =  6.15e-04 + alpha*3.73e-05
Test: loss:7.77e-04  =  7.71e-04 + alpha*5.66e-05
Valid performance:
 mse:6.20e-04, IC:2.50e-02, RIC:1.97e-01, prec@10:5.41e-01, SR:2.93e+00
Test performance:
 mse:7.73e-04, IC:2.44e-02, RIC:2.76e-01, prec@10:5.31e-01, SR:1.27e+00
